2022-05-10 01:04:57.214  WARN 22013 --- [HikariPool-1 housekeeper] com.zaxxer.hikari.pool.HikariPool        : HikariPool-1 - Thread starvation or clock leap detected (housekeeper delta=11m9s403ms).
2022-05-10 01:09:25.492  WARN 22013 --- [HikariPool-1 housekeeper] com.zaxxer.hikari.pool.HikariPool        : HikariPool-1 - Thread starvation or clock leap detected (housekeeper delta=1m58s232ms).
2022-05-10 01:43:10.040  WARN 22013 --- [HikariPool-1 housekeeper] com.zaxxer.hikari.pool.HikariPool        : HikariPool-1 - Thread starvation or clock leap detected (housekeeper delta=33m44s550ms).
2022-05-10 02:01:54.570  WARN 22013 --- [HikariPool-1 housekeeper] com.zaxxer.hikari.pool.HikariPool        : HikariPool-1 - Thread starvation or clock leap detected (housekeeper delta=18m44s529ms).
2022-05-10 03:26:18.598  WARN 22013 --- [HikariPool-1 housekeeper] com.zaxxer.hikari.pool.HikariPool        : HikariPool-1 - Thread starvation or clock leap detected (housekeeper delta=1h24m24s28ms).
2022-05-10 04:16:46.717  WARN 22013 --- [HikariPool-1 housekeeper] com.zaxxer.hikari.pool.HikariPool        : HikariPool-1 - Thread starvation or clock leap detected (housekeeper delta=50m28s119ms).
2022-05-10 05:05:15.287  WARN 22013 --- [HikariPool-1 housekeeper] com.zaxxer.hikari.pool.HikariPool        : HikariPool-1 - Thread starvation or clock leap detected (housekeeper delta=48m28s571ms).
2022-05-10 06:01:42.944  WARN 22013 --- [HikariPool-1 housekeeper] com.zaxxer.hikari.pool.HikariPool        : HikariPool-1 - Thread starvation or clock leap detected (housekeeper delta=56m27s657ms).
2022-05-10 06:33:44.189  WARN 22013 --- [HikariPool-1 housekeeper] com.zaxxer.hikari.pool.HikariPool        : HikariPool-1 - Thread starvation or clock leap detected (housekeeper delta=32m1s245ms).
2022-05-10 07:22:46.941  WARN 22013 --- [HikariPool-1 housekeeper] com.zaxxer.hikari.pool.HikariPool        : HikariPool-1 - Thread starvation or clock leap detected (housekeeper delta=49m2s752ms).
2022-05-10 08:57:32.615  WARN 22013 --- [HikariPool-1 housekeeper] com.zaxxer.hikari.pool.HikariPool        : HikariPool-1 - Thread starvation or clock leap detected (housekeeper delta=1h34m45s674ms).
2022-05-10 09:39:41.092  WARN 22013 --- [HikariPool-1 housekeeper] com.zaxxer.hikari.pool.HikariPool        : HikariPool-1 - Thread starvation or clock leap detected (housekeeper delta=42m8s475ms).
2022-05-10 10:59:06.747  WARN 22013 --- [HikariPool-1 housekeeper] com.zaxxer.hikari.pool.HikariPool        : HikariPool-1 - Thread starvation or clock leap detected (housekeeper delta=54s955ms).
2022-05-10 11:27:06.814  WARN 22013 --- [HikariPool-1 housekeeper] com.zaxxer.hikari.pool.HikariPool        : HikariPool-1 - Thread starvation or clock leap detected (housekeeper delta=28m66ms).
2022-05-10 11:54:03.114  INFO 22013 --- [SpringApplicationShutdownHook] com.zaxxer.hikari.HikariDataSource       : HikariPool-1 - Shutdown initiated...
2022-05-10 11:54:03.123  INFO 22013 --- [SpringApplicationShutdownHook] com.zaxxer.hikari.HikariDataSource       : HikariPool-1 - Shutdown completed.
2022-05-10 11:54:07.535  INFO 67713 --- [restartedMain] c.d.classchoose.ClassChooseApplication   : Starting ClassChooseApplication using Java 1.8.0_292 on MacdeMacBook-Air.local with PID 67713 (/Users/meritbox/Downloads/class-choose/target/classes started by mac in /Users/meritbox/Downloads/class-choose)
2022-05-10 11:54:07.536 DEBUG 67713 --- [restartedMain] c.d.classchoose.ClassChooseApplication   : Running with Spring Boot v2.6.7, Spring v5.3.19
2022-05-10 11:54:07.537  INFO 67713 --- [restartedMain] c.d.classchoose.ClassChooseApplication   : No active profile set, falling back to 1 default profile: "default"
2022-05-10 11:54:07.605  INFO 67713 --- [restartedMain] .e.DevToolsPropertyDefaultsPostProcessor : Devtools property defaults active! Set 'spring.devtools.add-properties' to 'false' to disable
2022-05-10 11:54:07.605  INFO 67713 --- [restartedMain] .e.DevToolsPropertyDefaultsPostProcessor : For additional web related logging consider setting the 'logging.level.web' property to 'DEBUG'
2022-05-10 11:54:08.530  INFO 67713 --- [restartedMain] o.s.b.w.embedded.tomcat.TomcatWebServer  : Tomcat initialized with port(s): 9090 (http)
2022-05-10 11:54:08.535  INFO 67713 --- [restartedMain] o.apache.catalina.core.StandardService   : Starting service [Tomcat]
2022-05-10 11:54:08.536  INFO 67713 --- [restartedMain] org.apache.catalina.core.StandardEngine  : Starting Servlet engine: [Apache Tomcat/9.0.62]
2022-05-10 11:54:08.565  INFO 67713 --- [restartedMain] o.a.c.c.C.[Tomcat].[localhost].[/]       : Initializing Spring embedded WebApplicationContext
2022-05-10 11:54:08.565  INFO 67713 --- [restartedMain] w.s.c.ServletWebServerApplicationContext : Root WebApplicationContext: initialization completed in 958 ms
2022-05-10 11:54:09.014  WARN 67713 --- [restartedMain] o.s.b.d.a.OptionalLiveReloadServer       : Unable to start LiveReload server
2022-05-10 11:54:09.041  INFO 67713 --- [restartedMain] o.s.b.w.embedded.tomcat.TomcatWebServer  : Tomcat started on port(s): 9090 (http) with context path ''
2022-05-10 11:54:09.047  INFO 67713 --- [restartedMain] c.d.classchoose.ClassChooseApplication   : Started ClassChooseApplication in 1.909 seconds (JVM running for 2.432)
2022-05-10 11:57:35.886  INFO 67713 --- [http-nio-9090-exec-1] o.a.c.c.C.[Tomcat].[localhost].[/]       : Initializing Spring DispatcherServlet 'dispatcherServlet'
2022-05-10 11:57:35.887  INFO 67713 --- [http-nio-9090-exec-1] o.s.web.servlet.DispatcherServlet        : Initializing Servlet 'dispatcherServlet'
2022-05-10 11:57:35.890  INFO 67713 --- [http-nio-9090-exec-1] o.s.web.servlet.DispatcherServlet        : Completed initialization in 3 ms
2022-05-10 11:57:35.958  INFO 67713 --- [http-nio-9090-exec-2] com.zaxxer.hikari.HikariDataSource       : HikariPool-1 - Starting...
2022-05-10 11:57:36.155  INFO 67713 --- [http-nio-9090-exec-2] com.zaxxer.hikari.HikariDataSource       : HikariPool-1 - Start completed.
2022-05-10 12:49:44.923  WARN 67713 --- [HikariPool-1 housekeeper] com.zaxxer.hikari.pool.HikariPool        : HikariPool-1 - Thread starvation or clock leap detected (housekeeper delta=33m38s526ms).
2022-05-10 13:32:22.492  WARN 67713 --- [HikariPool-1 housekeeper] com.zaxxer.hikari.pool.HikariPool        : HikariPool-1 - Thread starvation or clock leap detected (housekeeper delta=42m37s573ms).
2022-05-10 13:41:17.035  WARN 67713 --- [HikariPool-1 housekeeper] com.zaxxer.hikari.pool.HikariPool        : HikariPool-1 - Thread starvation or clock leap detected (housekeeper delta=8m24s538ms).
2022-05-10 14:16:02.926  WARN 67713 --- [HikariPool-1 housekeeper] com.zaxxer.hikari.pool.HikariPool        : HikariPool-1 - Thread starvation or clock leap detected (housekeeper delta=34m45s886ms).
2022-05-10 14:51:46.998  WARN 67713 --- [HikariPool-1 housekeeper] com.zaxxer.hikari.pool.HikariPool        : HikariPool-1 - Thread starvation or clock leap detected (housekeeper delta=35m44s77ms).
2022-05-10 15:37:15.444  WARN 67713 --- [HikariPool-1 housekeeper] com.zaxxer.hikari.pool.HikariPool        : HikariPool-1 - Retrograde clock change detected (housekeeper delta=28s180ms), soft-evicting connections from pool.
2022-05-10 15:56:25.550  INFO 67713 --- [SpringApplicationShutdownHook] com.zaxxer.hikari.HikariDataSource       : HikariPool-1 - Shutdown initiated...
2022-05-10 15:56:25.553  INFO 67713 --- [SpringApplicationShutdownHook] com.zaxxer.hikari.HikariDataSource       : HikariPool-1 - Shutdown completed.
2022-05-10 15:56:30.383  INFO 85175 --- [restartedMain] c.d.classchoose.ClassChooseApplication   : Starting ClassChooseApplication using Java 1.8.0_292 on MacdeMacBook-Air.local with PID 85175 (/Users/meritbox/Downloads/class-choose/target/classes started by mac in /Users/meritbox/Downloads/class-choose)
2022-05-10 15:56:30.384 DEBUG 85175 --- [restartedMain] c.d.classchoose.ClassChooseApplication   : Running with Spring Boot v2.6.7, Spring v5.3.19
2022-05-10 15:56:30.384  INFO 85175 --- [restartedMain] c.d.classchoose.ClassChooseApplication   : No active profile set, falling back to 1 default profile: "default"
2022-05-10 15:56:30.415  INFO 85175 --- [restartedMain] .e.DevToolsPropertyDefaultsPostProcessor : Devtools property defaults active! Set 'spring.devtools.add-properties' to 'false' to disable
2022-05-10 15:56:30.415  INFO 85175 --- [restartedMain] .e.DevToolsPropertyDefaultsPostProcessor : For additional web related logging consider setting the 'logging.level.web' property to 'DEBUG'
2022-05-10 15:56:30.923  INFO 85175 --- [restartedMain] o.s.b.w.embedded.tomcat.TomcatWebServer  : Tomcat initialized with port(s): 9090 (http)
2022-05-10 15:56:30.928  INFO 85175 --- [restartedMain] o.apache.catalina.core.StandardService   : Starting service [Tomcat]
2022-05-10 15:56:30.928  INFO 85175 --- [restartedMain] org.apache.catalina.core.StandardEngine  : Starting Servlet engine: [Apache Tomcat/9.0.62]
2022-05-10 15:56:30.959  INFO 85175 --- [restartedMain] o.a.c.c.C.[Tomcat].[localhost].[/]       : Initializing Spring embedded WebApplicationContext
2022-05-10 15:56:30.959  INFO 85175 --- [restartedMain] w.s.c.ServletWebServerApplicationContext : Root WebApplicationContext: initialization completed in 543 ms
2022-05-10 15:56:31.485  WARN 85175 --- [restartedMain] o.s.b.d.a.OptionalLiveReloadServer       : Unable to start LiveReload server
2022-05-10 15:56:31.513  INFO 85175 --- [restartedMain] o.s.b.w.embedded.tomcat.TomcatWebServer  : Tomcat started on port(s): 9090 (http) with context path ''
2022-05-10 15:56:31.520  INFO 85175 --- [restartedMain] c.d.classchoose.ClassChooseApplication   : Started ClassChooseApplication in 1.323 seconds (JVM running for 1.673)
2022-05-10 15:59:40.249  INFO 85175 --- [http-nio-9090-exec-1] o.a.c.c.C.[Tomcat].[localhost].[/]       : Initializing Spring DispatcherServlet 'dispatcherServlet'
2022-05-10 15:59:40.250  INFO 85175 --- [http-nio-9090-exec-1] o.s.web.servlet.DispatcherServlet        : Initializing Servlet 'dispatcherServlet'
2022-05-10 15:59:40.255  INFO 85175 --- [http-nio-9090-exec-1] o.s.web.servlet.DispatcherServlet        : Completed initialization in 5 ms
2022-05-10 15:59:40.338  INFO 85175 --- [http-nio-9090-exec-1] com.zaxxer.hikari.HikariDataSource       : HikariPool-1 - Starting...
2022-05-10 15:59:40.623  INFO 85175 --- [http-nio-9090-exec-1] com.zaxxer.hikari.HikariDataSource       : HikariPool-1 - Start completed.
2022-05-10 16:15:46.064  WARN 85175 --- [HikariPool-1 housekeeper] com.zaxxer.hikari.pool.HikariPool        : HikariPool-1 - Thread starvation or clock leap detected (housekeeper delta=3m5s273ms).
